<?xml version="1.0" encoding="UTF-8"?>
<!-- Generated by org.testng.reporters.JUnitXMLReporter -->
<testsuite ignored="0" hostname="affle-laptop-478" failures="0" tests="4" name="Test Case 2" time="0.57" errors="0" timestamp="2023-08-03T23:14:21 IST">
  <testcase classname="org.gauravdemo.TickTickTestUtils.BaseTest" name="@BeforeClass ConfigureAppium" time="0.014">
    <failure type="org.openqa.selenium.SessionNotCreatedException" message="Could not start a new session. Possible causes are invalid address of the remote server or browser start-up failure. 
Host info: host: &amp;apos;AFFLE-LAPTOP-47&amp;apos;, ip: &amp;apos;192.168.100.3&amp;apos;
Build info: version: &amp;apos;4.11.0&amp;apos;, revision: &amp;apos;040bc5406b&amp;apos;
System info: os.name: &amp;apos;Windows 11&amp;apos;, os.arch: &amp;apos;amd64&amp;apos;, os.version: &amp;apos;10.0&amp;apos;, java.version: &amp;apos;17.0.4.1&amp;apos;
Driver info: io.appium.java_client.android.AndroidDriver
Command: [null, newSession {capabilities=[{appium:chromedriverExecutable=C:\Users\Gaurav Kumar\Desktop\Sel Jars\Chrome\Chrome 83 driver\chromedriver.exe, appium:appActivity=com.ticktick.task.activity.DispatchActivity, appium:deviceName=Pixel API 30, platformName=ANDROID, appium:automationName=UIAutomator2, appium:app=C:\Users\Gaurav Kumar\Workspace\TickTickFrameworkDesign\src\test\java\org\gauravdemo\resources\ticktick.task.apk, appium:appPackage=com.ticktick.task}], desiredCapabilities=Capabilities {appium:app: C:\Users\Gaurav Kumar\Works..., appium:appActivity: com.ticktick.task.activity...., appium:appPackage: com.ticktick.task, appium:automationName: UIAutomator2, appium:chromedriverExecutable: C:\Users\Gaurav Kumar\Deskt..., appium:deviceName: Pixel API 30, platformName: ANDROID}}]
Capabilities {appium:app: C:\Users\Gaurav Kumar\Works..., appium:appActivity: com.ticktick.task.activity...., appium:appPackage: com.ticktick.task, appium:automationName: UIAutomator2, appium:chromedriverExecutable: C:\Users\Gaurav Kumar\Deskt..., appium:deviceName: Pixel API 30, platformName: ANDROID}">
      <![CDATA[org.openqa.selenium.SessionNotCreatedException: Could not start a new session. Possible causes are invalid address of the remote server or browser start-up failure. 
Host info: host: 'AFFLE-LAPTOP-47', ip: '192.168.100.3'
Build info: version: '4.11.0', revision: '040bc5406b'
System info: os.name: 'Windows 11', os.arch: 'amd64', os.version: '10.0', java.version: '17.0.4.1'
Driver info: io.appium.java_client.android.AndroidDriver
Command: [null, newSession {capabilities=[{appium:chromedriverExecutable=C:\Users\Gaurav Kumar\Desktop\Sel Jars\Chrome\Chrome 83 driver\chromedriver.exe, appium:appActivity=com.ticktick.task.activity.DispatchActivity, appium:deviceName=Pixel API 30, platformName=ANDROID, appium:automationName=UIAutomator2, appium:app=C:\Users\Gaurav Kumar\Workspace\TickTickFrameworkDesign\src\test\java\org\gauravdemo\resources\ticktick.task.apk, appium:appPackage=com.ticktick.task}], desiredCapabilities=Capabilities {appium:app: C:\Users\Gaurav Kumar\Works..., appium:appActivity: com.ticktick.task.activity...., appium:appPackage: com.ticktick.task, appium:automationName: UIAutomator2, appium:chromedriverExecutable: C:\Users\Gaurav Kumar\Deskt..., appium:deviceName: Pixel API 30, platformName: ANDROID}}]
Capabilities {appium:app: C:\Users\Gaurav Kumar\Works..., appium:appActivity: com.ticktick.task.activity...., appium:appPackage: com.ticktick.task, appium:automationName: UIAutomator2, appium:chromedriverExecutable: C:\Users\Gaurav Kumar\Deskt..., appium:deviceName: Pixel API 30, platformName: ANDROID}
at org.openqa.selenium.remote.RemoteWebDriver.execute(RemoteWebDriver.java:536)
at io.appium.java_client.AppiumDriver.startSession(AppiumDriver.java:274)
at org.openqa.selenium.remote.RemoteWebDriver.<init>(RemoteWebDriver.java:159)
at io.appium.java_client.AppiumDriver.<init>(AppiumDriver.java:89)
at io.appium.java_client.AppiumDriver.<init>(AppiumDriver.java:101)
at io.appium.java_client.android.AndroidDriver.<init>(AndroidDriver.java:113)
at org.gauravdemo.TickTickTestUtils.BaseTest.ConfigureAppium(BaseTest.java:82)
at java.base/java.util.ArrayList.forEach(ArrayList.java:1511)
Caused by: java.lang.NoSuchMethodError: 'java.lang.String org.openqa.selenium.json.Json.toJson(java.lang.Object, int)'
at org.openqa.selenium.remote.NewSessionPayload.create(NewSessionPayload.java:126)
at org.openqa.selenium.remote.NewSessionPayload.create(NewSessionPayload.java:111)
at org.openqa.selenium.remote.NewSessionPayload.create(NewSessionPayload.java:105)
at io.appium.java_client.remote.AppiumProtocolHandshake.createSession(AppiumProtocolHandshake.java:101)
at io.appium.java_client.remote.AppiumCommandExecutor.createSession(AppiumCommandExecutor.java:182)
at io.appium.java_client.remote.AppiumCommandExecutor.execute(AppiumCommandExecutor.java:250)
at org.openqa.selenium.remote.RemoteWebDriver.execute(RemoteWebDriver.java:518)
... 32 more
... Removed 25 stack frames]]>
    </failure>
  </testcase> <!-- @BeforeClass ConfigureAppium -->
  <testcase classname="org.gauravdemo.TickTickTestUtils.BaseTest" name="@AfterClass tearDown" time="0.001">
    <failure type="java.lang.NullPointerException" message="Cannot invoke &amp;quot;io.appium.java_client.android.AndroidDriver.quit()&amp;quot; because &amp;quot;this.driver&amp;quot; is null">
      <![CDATA[java.lang.NullPointerException: Cannot invoke "io.appium.java_client.android.AndroidDriver.quit()" because "this.driver" is null
at org.gauravdemo.TickTickTestUtils.BaseTest.tearDown(BaseTest.java:101)
at java.base/java.util.ArrayList.forEach(ArrayList.java:1511)
... Removed 25 stack frames]]>
    </failure>
  </testcase> <!-- @AfterClass tearDown -->
  <testcase classname="org.gauravdemo.game_TickTick_tc2" name="LogInTickTickApps" time="0.0">
    <skipped/>
  </testcase> <!-- LogInTickTickApps -->
  <testcase classname="org.gauravdemo.game_TickTick_tc2" name="CreateTask" time="0.0">
    <skipped/>
  </testcase> <!-- CreateTask -->
  <testcase classname="org.gauravdemo.game_TickTick_tc2" name="CreateSubTask" time="0.0">
    <skipped/>
  </testcase> <!-- CreateSubTask -->
  <testcase classname="org.gauravdemo.game_TickTick_tc2" name="UploadImages" time="0.0">
    <skipped/>
  </testcase> <!-- UploadImages -->
</testsuite> <!-- Test Case 2 -->
