<?xml version="1.0" encoding="UTF-8"?>
<!-- Generated by org.testng.reporters.JUnitReportReporter -->
<testsuite hostname="affle-laptop-478" failures="0" tests="3" name="org.gauravdemo.game_TickTick_tc3" time="0.011" errors="2" timestamp="2023-08-03T23:14:22 IST" skipped="1">
  <testcase classname="org.gauravdemo.game_TickTick_tc3" name="ConfigureAppium" time="0.010">
    <error message="Could not start a new session. Possible causes are invalid address of the remote server or browser start-up failure. 
Host info: host: &#039;AFFLE-LAPTOP-47&#039;, ip: &#039;192.168.100.3&#039;
Build info: version: &#039;4.11.0&#039;, revision: &#039;040bc5406b&#039;
System info: os.name: &#039;Windows 11&#039;, os.arch: &#039;amd64&#039;, os.version: &#039;10.0&#039;, java.version: &#039;17.0.4.1&#039;
Driver info: io.appium.java_client.android.AndroidDriver
Command: [null, newSession {capabilities=[{appium:chromedriverExecutable=C:\Users\Gaurav Kumar\Desktop\Sel Jars\Chrome\Chrome 83 driver\chromedriver.exe, appium:appActivity=com.ticktick.task.activity.DispatchActivity, appium:deviceName=Pixel API 30, platformName=ANDROID, appium:automationName=UIAutomator2, appium:app=C:\Users\Gaurav Kumar\Workspace\TickTickFrameworkDesign\src\test\java\org\gauravdemo\resources\ticktick.task.apk, appium:appPackage=com.ticktick.task}], desiredCapabilities=Capabilities {appium:app: C:\Users\Gaurav Kumar\Works..., appium:appActivity: com.ticktick.task.activity...., appium:appPackage: com.ticktick.task, appium:automationName: UIAutomator2, appium:chromedriverExecutable: C:\Users\Gaurav Kumar\Deskt..., appium:deviceName: Pixel API 30, platformName: ANDROID}}]
Capabilities {appium:app: C:\Users\Gaurav Kumar\Works..., appium:appActivity: com.ticktick.task.activity...., appium:appPackage: com.ticktick.task, appium:automationName: UIAutomator2, appium:chromedriverExecutable: C:\Users\Gaurav Kumar\Deskt..., appium:deviceName: Pixel API 30, platformName: ANDROID}" type="org.openqa.selenium.SessionNotCreatedException">
      <![CDATA[org.openqa.selenium.SessionNotCreatedException: Could not start a new session. Possible causes are invalid address of the remote server or browser start-up failure. 
Host info: host: 'AFFLE-LAPTOP-47', ip: '192.168.100.3'
Build info: version: '4.11.0', revision: '040bc5406b'
System info: os.name: 'Windows 11', os.arch: 'amd64', os.version: '10.0', java.version: '17.0.4.1'
Driver info: io.appium.java_client.android.AndroidDriver
Command: [null, newSession {capabilities=[{appium:chromedriverExecutable=C:\Users\Gaurav Kumar\Desktop\Sel Jars\Chrome\Chrome 83 driver\chromedriver.exe, appium:appActivity=com.ticktick.task.activity.DispatchActivity, appium:deviceName=Pixel API 30, platformName=ANDROID, appium:automationName=UIAutomator2, appium:app=C:\Users\Gaurav Kumar\Workspace\TickTickFrameworkDesign\src\test\java\org\gauravdemo\resources\ticktick.task.apk, appium:appPackage=com.ticktick.task}], desiredCapabilities=Capabilities {appium:app: C:\Users\Gaurav Kumar\Works..., appium:appActivity: com.ticktick.task.activity...., appium:appPackage: com.ticktick.task, appium:automationName: UIAutomator2, appium:chromedriverExecutable: C:\Users\Gaurav Kumar\Deskt..., appium:deviceName: Pixel API 30, platformName: ANDROID}}]
Capabilities {appium:app: C:\Users\Gaurav Kumar\Works..., appium:appActivity: com.ticktick.task.activity...., appium:appPackage: com.ticktick.task, appium:automationName: UIAutomator2, appium:chromedriverExecutable: C:\Users\Gaurav Kumar\Deskt..., appium:deviceName: Pixel API 30, platformName: ANDROID}
at org.openqa.selenium.remote.RemoteWebDriver.execute(RemoteWebDriver.java:536)
at io.appium.java_client.AppiumDriver.startSession(AppiumDriver.java:274)
at org.openqa.selenium.remote.RemoteWebDriver.<init>(RemoteWebDriver.java:159)
at io.appium.java_client.AppiumDriver.<init>(AppiumDriver.java:89)
at io.appium.java_client.AppiumDriver.<init>(AppiumDriver.java:101)
at io.appium.java_client.android.AndroidDriver.<init>(AndroidDriver.java:113)
at org.gauravdemo.TickTickTestUtils.BaseTest.ConfigureAppium(BaseTest.java:82)
at java.base/jdk.internal.reflect.NativeMethodAccessorImpl.invoke0(Native Method)
at java.base/jdk.internal.reflect.NativeMethodAccessorImpl.invoke(NativeMethodAccessorImpl.java:77)
at java.base/jdk.internal.reflect.DelegatingMethodAccessorImpl.invoke(DelegatingMethodAccessorImpl.java:43)
at java.base/java.lang.reflect.Method.invoke(Method.java:568)
at org.testng.internal.MethodInvocationHelper.invokeMethod(MethodInvocationHelper.java:133)
at org.testng.internal.MethodInvocationHelper.invokeMethodConsideringTimeout(MethodInvocationHelper.java:62)
at org.testng.internal.ConfigInvoker.invokeConfigurationMethod(ConfigInvoker.java:385)
at org.testng.internal.ConfigInvoker.invokeConfigurations(ConfigInvoker.java:321)
at org.testng.internal.TestMethodWorker.invokeBeforeClassMethods(TestMethodWorker.java:176)
at org.testng.internal.TestMethodWorker.run(TestMethodWorker.java:122)
at java.base/java.util.ArrayList.forEach(ArrayList.java:1511)
at org.testng.TestRunner.privateRun(TestRunner.java:794)
at org.testng.TestRunner.run(TestRunner.java:596)
at org.testng.SuiteRunner.runTest(SuiteRunner.java:377)
at org.testng.SuiteRunner.runSequentially(SuiteRunner.java:371)
at org.testng.SuiteRunner.privateRun(SuiteRunner.java:332)
at org.testng.SuiteRunner.run(SuiteRunner.java:276)
at org.testng.SuiteRunnerWorker.runSuite(SuiteRunnerWorker.java:53)
at org.testng.SuiteRunnerWorker.run(SuiteRunnerWorker.java:96)
at org.testng.TestNG.runSuitesSequentially(TestNG.java:1212)
at org.testng.TestNG.runSuitesLocally(TestNG.java:1134)
at org.testng.TestNG.runSuites(TestNG.java:1063)
at org.testng.TestNG.run(TestNG.java:1031)
at org.testng.remote.AbstractRemoteTestNG.run(AbstractRemoteTestNG.java:115)
at org.testng.remote.RemoteTestNG.initAndRun(RemoteTestNG.java:251)
at org.testng.remote.RemoteTestNG.main(RemoteTestNG.java:77)
Caused by: java.lang.NoSuchMethodError: 'java.lang.String org.openqa.selenium.json.Json.toJson(java.lang.Object, int)'
at org.openqa.selenium.remote.NewSessionPayload.create(NewSessionPayload.java:126)
at org.openqa.selenium.remote.NewSessionPayload.create(NewSessionPayload.java:111)
at org.openqa.selenium.remote.NewSessionPayload.create(NewSessionPayload.java:105)
at io.appium.java_client.remote.AppiumProtocolHandshake.createSession(AppiumProtocolHandshake.java:101)
at io.appium.java_client.remote.AppiumCommandExecutor.createSession(AppiumCommandExecutor.java:182)
at io.appium.java_client.remote.AppiumCommandExecutor.execute(AppiumCommandExecutor.java:250)
at org.openqa.selenium.remote.RemoteWebDriver.execute(RemoteWebDriver.java:518)
... 32 more
]]>
    </error>
  </testcase> <!-- ConfigureAppium -->
  <system-out/>
  <testcase classname="org.gauravdemo.game_TickTick_tc3" name="tearDown" time="0.001">
    <error message="Cannot invoke &quot;io.appium.java_client.android.AndroidDriver.quit()&quot; because &quot;this.driver&quot; is null" type="java.lang.NullPointerException">
      <![CDATA[java.lang.NullPointerException: Cannot invoke "io.appium.java_client.android.AndroidDriver.quit()" because "this.driver" is null
at org.gauravdemo.TickTickTestUtils.BaseTest.tearDown(BaseTest.java:101)
at java.base/jdk.internal.reflect.NativeMethodAccessorImpl.invoke0(Native Method)
at java.base/jdk.internal.reflect.NativeMethodAccessorImpl.invoke(NativeMethodAccessorImpl.java:77)
at java.base/jdk.internal.reflect.DelegatingMethodAccessorImpl.invoke(DelegatingMethodAccessorImpl.java:43)
at java.base/java.lang.reflect.Method.invoke(Method.java:568)
at org.testng.internal.MethodInvocationHelper.invokeMethod(MethodInvocationHelper.java:133)
at org.testng.internal.MethodInvocationHelper.invokeMethodConsideringTimeout(MethodInvocationHelper.java:62)
at org.testng.internal.ConfigInvoker.invokeConfigurationMethod(ConfigInvoker.java:385)
at org.testng.internal.ConfigInvoker.invokeConfigurations(ConfigInvoker.java:321)
at org.testng.internal.TestMethodWorker.invokeAfterClassMethods(TestMethodWorker.java:217)
at org.testng.internal.TestMethodWorker.run(TestMethodWorker.java:130)
at java.base/java.util.ArrayList.forEach(ArrayList.java:1511)
at org.testng.TestRunner.privateRun(TestRunner.java:794)
at org.testng.TestRunner.run(TestRunner.java:596)
at org.testng.SuiteRunner.runTest(SuiteRunner.java:377)
at org.testng.SuiteRunner.runSequentially(SuiteRunner.java:371)
at org.testng.SuiteRunner.privateRun(SuiteRunner.java:332)
at org.testng.SuiteRunner.run(SuiteRunner.java:276)
at org.testng.SuiteRunnerWorker.runSuite(SuiteRunnerWorker.java:53)
at org.testng.SuiteRunnerWorker.run(SuiteRunnerWorker.java:96)
at org.testng.TestNG.runSuitesSequentially(TestNG.java:1212)
at org.testng.TestNG.runSuitesLocally(TestNG.java:1134)
at org.testng.TestNG.runSuites(TestNG.java:1063)
at org.testng.TestNG.run(TestNG.java:1031)
at org.testng.remote.AbstractRemoteTestNG.run(AbstractRemoteTestNG.java:115)
at org.testng.remote.RemoteTestNG.initAndRun(RemoteTestNG.java:251)
at org.testng.remote.RemoteTestNG.main(RemoteTestNG.java:77)
]]>
    </error>
  </testcase> <!-- tearDown -->
  <system-out/>
  <testcase classname="org.gauravdemo.game_TickTick_tc3" name="UploadImages" time="0.000">
    <skipped/>
  </testcase> <!-- UploadImages -->
  <system-out/>
</testsuite> <!-- org.gauravdemo.game_TickTick_tc3 -->
